c:\users\user\documents\github\monitor\current_version\version_1.3.2_qa\arc1_technician\arc1_technician\x64\debug\arc1_technician.display_polar.resources
c:\users\user\documents\github\monitor\current_version\version_1.3.2_qa\arc1_technician\arc1_technician\x64\debug\arc1_technician.myform.resources
c:\users\user\documents\github\monitor\current_version\version_1.3.2_qa\arc1_technician\arc1_technician\x64\debug\arc1_technician.loading_page.resources
c:\users\user\documents\github\monitor\current_version\version_1.3.2_qa\arc1_technician\arc1_technician\x64\debug\arc1_technician.recovery_flight.resources
c:\users\user\documents\github\monitor\current_version\version_1.3.2_qa\arc1_technician\arc1_technician\x64\debug\arc1_technician.scope.resources
c:\users\user\documents\github\monitor\current_version\version_1.3.2_qa\arc1_technician\arc1_technician\x64\debug\vc120.pdb
c:\users\user\documents\github\monitor\current_version\version_1.3.2_qa\arc1_technician\arc1_technician\x64\debug\scope.obj
c:\users\user\documents\github\monitor\current_version\version_1.3.2_qa\arc1_technician\arc1_technician\x64\debug\recovery_flight.obj
c:\users\user\documents\github\monitor\current_version\version_1.3.2_qa\arc1_technician\arc1_technician\x64\debug\real_time_thread.obj
c:\users\user\documents\github\monitor\current_version\version_1.3.2_qa\arc1_technician\arc1_technician\x64\debug\loading_page.obj
c:\users\user\documents\github\monitor\current_version\version_1.3.2_qa\arc1_technician\arc1_technician\x64\debug\myform.obj
c:\users\user\documents\github\monitor\current_version\version_1.3.2_qa\arc1_technician\arc1_technician\x64\debug\main_thread.obj
c:\users\user\documents\github\monitor\current_version\version_1.3.2_qa\arc1_technician\arc1_technician\x64\debug\main.obj
c:\users\user\documents\github\monitor\current_version\version_1.3.2_qa\arc1_technician\arc1_technician\x64\debug\display_polar.obj
c:\users\user\documents\github\monitor\current_version\version_1.3.2_qa\arc1_technician\arc1_technician\x64\debug\c_system_status.obj
c:\users\user\documents\github\monitor\current_version\version_1.3.2_qa\arc1_technician\arc1_technician\x64\debug\c_scope.obj
c:\users\user\documents\github\monitor\current_version\version_1.3.2_qa\arc1_technician\arc1_technician\x64\debug\c_lab_rot2prog.obj
c:\users\user\documents\github\monitor\current_version\version_1.3.2_qa\arc1_technician\arc1_technician\x64\debug\c_lab_calibrator.obj
c:\users\user\documents\github\monitor\current_version\version_1.3.2_qa\arc1_technician\arc1_technician\x64\debug\container_status.obj
c:\users\user\documents\github\monitor\current_version\version_1.3.2_qa\arc1_technician\arc1_technician\x64\debug\.netframework,version=v4.5.assemblyattributes.obj
c:\users\user\documents\github\monitor\current_version\version_1.3.2_qa\arc1_technician\x64\debug\arc1_technician.exe
c:\users\user\documents\github\monitor\current_version\version_1.3.2_qa\arc1_technician\x64\debug\arc1_technician.pdb
c:\users\user\documents\github\monitor\current_version\version_1.3.2_qa\arc1_technician\arc1_technician\x64\debug\arc1_technician.tlog\metagen.write.1.tlog
c:\users\user\documents\github\monitor\current_version\version_1.3.2_qa\arc1_technician\arc1_technician\x64\debug\arc1_technician1.res
c:\users\user\documents\github\monitor\current_version\version_1.3.2_qa\arc1_technician\arc1_technician\x64\debug\arc1_technician.vcxproj.generateresource.cache
c:\users\user\documents\github\monitor\current_version\version_1.3.2_qa\arc1_technician\arc1_technician\x64\debug\arc1_technician.tlog\arc1_technician.write.1u.tlog
c:\users\user\documents\github\monitor\current_version\version_1.3.2_qa\arc1_technician\arc1_technician\x64\debug\arc1_technician.tlog\cl.command.1.tlog
c:\users\user\documents\github\monitor\current_version\version_1.3.2_qa\arc1_technician\arc1_technician\x64\debug\arc1_technician.tlog\cl.read.1.tlog
c:\users\user\documents\github\monitor\current_version\version_1.3.2_qa\arc1_technician\arc1_technician\x64\debug\arc1_technician.tlog\cl.write.1.tlog
c:\users\user\documents\github\monitor\current_version\version_1.3.2_qa\arc1_technician\arc1_technician\x64\debug\arc1_technician.tlog\link.command.1.tlog
c:\users\user\documents\github\monitor\current_version\version_1.3.2_qa\arc1_technician\arc1_technician\x64\debug\arc1_technician.tlog\link.read.1.tlog
c:\users\user\documents\github\monitor\current_version\version_1.3.2_qa\arc1_technician\arc1_technician\x64\debug\arc1_technician.tlog\link.write.1.tlog
c:\users\user\documents\github\monitor\current_version\version_1.3.2_qa\arc1_technician\arc1_technician\x64\debug\arc1_technician.tlog\metagen.read.1.tlog
c:\users\user\documents\github\monitor\current_version\version_1.3.2_qa\arc1_technician\arc1_technician\x64\debug\arc1_technician.tlog\rc.command.1.tlog
c:\users\user\documents\github\monitor\current_version\version_1.3.2_qa\arc1_technician\arc1_technician\x64\debug\arc1_technician.tlog\rc.read.1.tlog
c:\users\user\documents\github\monitor\current_version\version_1.3.2_qa\arc1_technician\arc1_technician\x64\debug\arc1_technician.tlog\rc.write.1.tlog
c:\users\user\documents\github\monitor\current_version\version_1.3.2_qa\arc1_technician\arc1_technician\x64\debug\arc1_technician.tlog\microsoft.reportviewer.common.dll.metagen
c:\users\user\documents\github\monitor\current_version\version_1.3.2_qa\arc1_technician\arc1_technician\x64\debug\arc1_technician.tlog\microsoft.reportviewer.winforms.dll.metagen
c:\users\user\documents\github\monitor\current_version\version_1.3.2_qa\arc1_technician\arc1_technician\x64\debug\arc1_technician.tlog\tzres.dll.bi
