c:\users\user\documents\github\monitor\current_version\version_1.3.2_qa\arc1_technician\radar_viewer\radar_viewer\x64\debug\vc120.pdb
c:\users\user\documents\github\monitor\current_version\version_1.3.2_qa\arc1_technician\radar_viewer\radar_viewer\x64\debug\c_utm_coordinates.obj
c:\users\user\documents\github\monitor\current_version\version_1.3.2_qa\arc1_technician\radar_viewer\radar_viewer\x64\debug\c_sphericalpoint.obj
c:\users\user\documents\github\monitor\current_version\version_1.3.2_qa\arc1_technician\radar_viewer\radar_viewer\x64\debug\c_screen_video.obj
c:\users\user\documents\github\monitor\current_version\version_1.3.2_qa\arc1_technician\radar_viewer\radar_viewer\x64\debug\c_rdm.obj
c:\users\user\documents\github\monitor\current_version\version_1.3.2_qa\arc1_technician\radar_viewer\radar_viewer\x64\debug\c_radar_viewer.obj
c:\users\user\documents\github\monitor\current_version\version_1.3.2_qa\arc1_technician\radar_viewer\radar_viewer\x64\debug\c_radar_route.obj
c:\users\user\documents\github\monitor\current_version\version_1.3.2_qa\arc1_technician\radar_viewer\radar_viewer\x64\debug\c_radar_post.obj
c:\users\user\documents\github\monitor\current_version\version_1.3.2_qa\arc1_technician\radar_viewer\radar_viewer\x64\debug\c_position.obj
c:\users\user\documents\github\monitor\current_version\version_1.3.2_qa\arc1_technician\radar_viewer\radar_viewer\x64\debug\c_point2dint.obj
c:\users\user\documents\github\monitor\current_version\version_1.3.2_qa\arc1_technician\radar_viewer\radar_viewer\x64\debug\c_point2d.obj
c:\users\user\documents\github\monitor\current_version\version_1.3.2_qa\arc1_technician\radar_viewer\radar_viewer\x64\debug\c_obstacles_map.obj
c:\users\user\documents\github\monitor\current_version\version_1.3.2_qa\arc1_technician\radar_viewer\radar_viewer\x64\debug\c_lat_lon_map.obj
c:\users\user\documents\github\monitor\current_version\version_1.3.2_qa\arc1_technician\radar_viewer\radar_viewer\x64\debug\c_gui_status.obj
c:\users\user\documents\github\monitor\current_version\version_1.3.2_qa\arc1_technician\radar_viewer\radar_viewer\x64\debug\c_detections.obj
c:\users\user\documents\github\monitor\current_version\version_1.3.2_qa\arc1_technician\radar_viewer\radar_viewer\x64\debug\c_data_recording.obj
c:\users\user\documents\github\monitor\current_version\version_1.3.2_qa\arc1_technician\radar_viewer\radar_viewer\x64\debug\c_cartesianpoint.obj
c:\users\user\documents\github\monitor\current_version\version_1.3.2_qa\arc1_technician\radar_viewer\radar_viewer\x64\debug\.netframework,version=v4.5.assemblyattributes.obj
c:\users\user\documents\github\monitor\current_version\version_1.3.2_qa\arc1_technician\x64\debug\radar_viewer.lib
c:\users\user\documents\github\monitor\current_version\version_1.3.2_qa\arc1_technician\radar_viewer\radar_viewer\x64\debug\radar_viewer.tlog\cl.command.1.tlog
c:\users\user\documents\github\monitor\current_version\version_1.3.2_qa\arc1_technician\radar_viewer\radar_viewer\x64\debug\radar_viewer.tlog\cl.read.1.tlog
c:\users\user\documents\github\monitor\current_version\version_1.3.2_qa\arc1_technician\radar_viewer\radar_viewer\x64\debug\radar_viewer.tlog\cl.write.1.tlog
c:\users\user\documents\github\monitor\current_version\version_1.3.2_qa\arc1_technician\radar_viewer\radar_viewer\x64\debug\radar_viewer.tlog\lib-link.read.1.tlog
c:\users\user\documents\github\monitor\current_version\version_1.3.2_qa\arc1_technician\radar_viewer\radar_viewer\x64\debug\radar_viewer.tlog\lib-link.write.1.tlog
c:\users\user\documents\github\monitor\current_version\version_1.3.2_qa\arc1_technician\radar_viewer\radar_viewer\x64\debug\radar_viewer.tlog\lib.command.1.tlog
c:\users\user\documents\github\monitor\current_version\version_1.3.2_qa\arc1_technician\radar_viewer\radar_viewer\x64\debug\radar_viewer.tlog\metagen.read.1.tlog
c:\users\user\documents\github\monitor\current_version\version_1.3.2_qa\arc1_technician\radar_viewer\radar_viewer\x64\debug\radar_viewer.tlog\metagen.write.1.tlog
c:\users\user\documents\github\monitor\current_version\version_1.3.2_qa\arc1_technician\radar_viewer\radar_viewer\x64\debug\radar_viewer.tlog\tzres.dll.bi
