c:\users\user\documents\github\monitor\qa\current_version\version_1.2.1\dsp_communication\dsp_communication\debug\vc120.pdb
c:\users\user\documents\github\monitor\qa\current_version\version_1.2.1\dsp_communication\dsp_communication\debug\c_ethernet_tcp_client.obj
c:\users\user\documents\github\monitor\qa\current_version\version_1.2.1\dsp_communication\dsp_communication\debug\c_dsp_communication.obj
c:\users\user\documents\github\monitor\qa\current_version\version_1.2.1\dsp_communication\dsp_communication\debug\.netframework,version=v4.5.assemblyattributes.obj
c:\users\user\documents\github\monitor\qa\current_version\version_1.2.1\dsp_communication\dsp_communication\debug\app.res
c:\users\user\documents\github\monitor_project_new\versaion_change_to_eran\current_version\arc1_technician\dsp_communication\dsp_communication\debug\.netframework,version=v4.5.assemblyattributes.obj
c:\users\user\documents\github\monitor_project_new\versaion_change_to_eran\current_version\arc1_technician\dsp_communication\dsp_communication\debug\c_dsp_communication.obj
c:\users\user\documents\github\monitor_project_new\versaion_change_to_eran\current_version\arc1_technician\dsp_communication\dsp_communication\debug\c_ethernet_tcp_client.obj
c:\users\user\documents\github\monitor_project_new\versaion_change_to_eran\current_version\arc1_technician\dsp_communication\dsp_communication\debug\app.res
c:\users\user\documents\github\monitor_project_new\versaion_change_to_eran\current_version\arc1_technician\dsp_communication\dsp_communication\debug\vc120.pdb
c:\users\user\documents\github\monitor_project_new\versaion_change_to_eran\current_version\arc1_technician\dsp_communication\dsp_communication\debug\dsp_comm.b7d76603.tlog\cl.command.1.tlog
c:\users\user\documents\github\monitor_project_new\versaion_change_to_eran\current_version\arc1_technician\dsp_communication\dsp_communication\debug\dsp_comm.b7d76603.tlog\cl.read.1.tlog
c:\users\user\documents\github\monitor_project_new\versaion_change_to_eran\current_version\arc1_technician\dsp_communication\dsp_communication\debug\dsp_comm.b7d76603.tlog\cl.write.1.tlog
c:\users\user\documents\github\monitor_project_new\versaion_change_to_eran\current_version\arc1_technician\dsp_communication\dsp_communication\debug\dsp_comm.b7d76603.tlog\link.9652-cvtres.read.1.tlog
c:\users\user\documents\github\monitor_project_new\versaion_change_to_eran\current_version\arc1_technician\dsp_communication\dsp_communication\debug\dsp_comm.b7d76603.tlog\link.9652-cvtres.write.1.tlog
c:\users\user\documents\github\monitor_project_new\versaion_change_to_eran\current_version\arc1_technician\dsp_communication\dsp_communication\debug\dsp_comm.b7d76603.tlog\link.9652-rc.read.1.tlog
c:\users\user\documents\github\monitor_project_new\versaion_change_to_eran\current_version\arc1_technician\dsp_communication\dsp_communication\debug\dsp_comm.b7d76603.tlog\link.9652-rc.write.1.tlog
c:\users\user\documents\github\monitor_project_new\versaion_change_to_eran\current_version\arc1_technician\dsp_communication\dsp_communication\debug\dsp_comm.b7d76603.tlog\link.9652.read.1.tlog
c:\users\user\documents\github\monitor_project_new\versaion_change_to_eran\current_version\arc1_technician\dsp_communication\dsp_communication\debug\dsp_comm.b7d76603.tlog\link.9652.write.1.tlog
c:\users\user\documents\github\monitor_project_new\versaion_change_to_eran\current_version\arc1_technician\dsp_communication\dsp_communication\debug\dsp_comm.b7d76603.tlog\link.command.1.tlog
c:\users\user\documents\github\monitor_project_new\versaion_change_to_eran\current_version\arc1_technician\dsp_communication\dsp_communication\debug\dsp_comm.b7d76603.tlog\link.read.1.tlog
c:\users\user\documents\github\monitor_project_new\versaion_change_to_eran\current_version\arc1_technician\dsp_communication\dsp_communication\debug\dsp_comm.b7d76603.tlog\link.write.1.tlog
c:\users\user\documents\github\monitor_project_new\versaion_change_to_eran\current_version\arc1_technician\dsp_communication\dsp_communication\debug\dsp_comm.b7d76603.tlog\metagen.read.1.tlog
c:\users\user\documents\github\monitor_project_new\versaion_change_to_eran\current_version\arc1_technician\dsp_communication\dsp_communication\debug\dsp_comm.b7d76603.tlog\metagen.write.1.tlog
c:\users\user\documents\github\monitor_project_new\versaion_change_to_eran\current_version\arc1_technician\dsp_communication\dsp_communication\debug\dsp_comm.b7d76603.tlog\rc.command.1.tlog
c:\users\user\documents\github\monitor_project_new\versaion_change_to_eran\current_version\arc1_technician\dsp_communication\dsp_communication\debug\dsp_comm.b7d76603.tlog\rc.read.1.tlog
c:\users\user\documents\github\monitor_project_new\versaion_change_to_eran\current_version\arc1_technician\dsp_communication\dsp_communication\debug\dsp_comm.b7d76603.tlog\rc.write.1.tlog
c:\users\user\documents\github\monitor_project_new\versaion_change_to_eran\current_version\arc1_technician\dsp_communication\dsp_communication\debug\dsp_comm.b7d76603.tlog\tzres.dll.bi
